<?xml version="1.0" encoding="UTF-8"?>
<testsuite xmlns:xsi="http://www.w3.org/2001/XMLSchema-instance" xsi:noNamespaceSchemaLocation="https://maven.apache.org/surefire/maven-surefire-plugin/xsd/surefire-test-report.xsd" name="DealerTest" time="0.08" tests="23" errors="0" skipped="0" failures="0">
  <properties>
    <property name="awt.toolkit" value="sun.lwawt.macosx.LWCToolkit"/>
    <property name="java.specification.version" value="12"/>
    <property name="sun.jnu.encoding" value="UTF-8"/>
    <property name="java.class.path" value="/Users/eivydas/Downloads/Code/cs342/Baccarat_Project_Fall19/target/test-classes:/Users/eivydas/Downloads/Code/cs342/Baccarat_Project_Fall19/target/classes:/Users/eivydas/.m2/repository/org/junit/jupiter/junit-jupiter-api/5.4.2/junit-jupiter-api-5.4.2.jar:/Users/eivydas/.m2/repository/org/apiguardian/apiguardian-api/1.0.0/apiguardian-api-1.0.0.jar:/Users/eivydas/.m2/repository/org/opentest4j/opentest4j/1.1.1/opentest4j-1.1.1.jar:/Users/eivydas/.m2/repository/org/junit/platform/junit-platform-commons/1.4.2/junit-platform-commons-1.4.2.jar:/Users/eivydas/.m2/repository/org/junit/jupiter/junit-jupiter-engine/5.4.2/junit-jupiter-engine-5.4.2.jar:/Users/eivydas/.m2/repository/org/junit/platform/junit-platform-engine/1.4.2/junit-platform-engine-1.4.2.jar:/Users/eivydas/.m2/repository/org/junit/jupiter/junit-jupiter-params/5.4.2/junit-jupiter-params-5.4.2.jar:/Users/eivydas/.m2/repository/org/openjfx/javafx-controls/12.0.1/javafx-controls-12.0.1.jar:/Users/eivydas/.m2/repository/org/openjfx/javafx-controls/12.0.1/javafx-controls-12.0.1-mac.jar:/Users/eivydas/.m2/repository/org/openjfx/javafx-graphics/12.0.1/javafx-graphics-12.0.1.jar:/Users/eivydas/.m2/repository/org/openjfx/javafx-graphics/12.0.1/javafx-graphics-12.0.1-mac.jar:/Users/eivydas/.m2/repository/org/openjfx/javafx-base/12.0.1/javafx-base-12.0.1.jar:/Users/eivydas/.m2/repository/org/openjfx/javafx-base/12.0.1/javafx-base-12.0.1-mac.jar:"/>
    <property name="java.vm.vendor" value="Oracle Corporation"/>
    <property name="sun.arch.data.model" value="64"/>
    <property name="java.vendor.url" value="https://java.oracle.com/"/>
    <property name="os.name" value="Mac OS X"/>
    <property name="java.vm.specification.version" value="12"/>
    <property name="sun.java.launcher" value="SUN_STANDARD"/>
    <property name="user.country" value="US"/>
    <property name="sun.boot.library.path" value="/Library/Java/JavaVirtualMachines/jdk-12.0.2.jdk/Contents/Home/lib"/>
    <property name="sun.java.command" value="/Users/eivydas/Downloads/Code/cs342/Baccarat_Project_Fall19/target/surefire/surefirebooter2045080957504330742.jar /Users/eivydas/Downloads/Code/cs342/Baccarat_Project_Fall19/target/surefire 2019-10-18T20-39-35_517-jvmRun1 surefire11328409383871733736tmp surefire_017555981009846352207tmp"/>
    <property name="http.nonProxyHosts" value="local|*.local|169.254/16|*.169.254/16"/>
    <property name="jdk.debug" value="release"/>
    <property name="surefire.test.class.path" value="/Users/eivydas/Downloads/Code/cs342/Baccarat_Project_Fall19/target/test-classes:/Users/eivydas/Downloads/Code/cs342/Baccarat_Project_Fall19/target/classes:/Users/eivydas/.m2/repository/org/junit/jupiter/junit-jupiter-api/5.4.2/junit-jupiter-api-5.4.2.jar:/Users/eivydas/.m2/repository/org/apiguardian/apiguardian-api/1.0.0/apiguardian-api-1.0.0.jar:/Users/eivydas/.m2/repository/org/opentest4j/opentest4j/1.1.1/opentest4j-1.1.1.jar:/Users/eivydas/.m2/repository/org/junit/platform/junit-platform-commons/1.4.2/junit-platform-commons-1.4.2.jar:/Users/eivydas/.m2/repository/org/junit/jupiter/junit-jupiter-engine/5.4.2/junit-jupiter-engine-5.4.2.jar:/Users/eivydas/.m2/repository/org/junit/platform/junit-platform-engine/1.4.2/junit-platform-engine-1.4.2.jar:/Users/eivydas/.m2/repository/org/junit/jupiter/junit-jupiter-params/5.4.2/junit-jupiter-params-5.4.2.jar:/Users/eivydas/.m2/repository/org/openjfx/javafx-controls/12.0.1/javafx-controls-12.0.1.jar:/Users/eivydas/.m2/repository/org/openjfx/javafx-controls/12.0.1/javafx-controls-12.0.1-mac.jar:/Users/eivydas/.m2/repository/org/openjfx/javafx-graphics/12.0.1/javafx-graphics-12.0.1.jar:/Users/eivydas/.m2/repository/org/openjfx/javafx-graphics/12.0.1/javafx-graphics-12.0.1-mac.jar:/Users/eivydas/.m2/repository/org/openjfx/javafx-base/12.0.1/javafx-base-12.0.1.jar:/Users/eivydas/.m2/repository/org/openjfx/javafx-base/12.0.1/javafx-base-12.0.1-mac.jar:"/>
    <property name="sun.cpu.endian" value="little"/>
    <property name="user.home" value="/Users/eivydas"/>
    <property name="user.language" value="en"/>
    <property name="java.specification.vendor" value="Oracle Corporation"/>
    <property name="java.version.date" value="2019-07-16"/>
    <property name="java.home" value="/Library/Java/JavaVirtualMachines/jdk-12.0.2.jdk/Contents/Home"/>
    <property name="file.separator" value="/"/>
    <property name="basedir" value="/Users/eivydas/Downloads/Code/cs342/Baccarat_Project_Fall19"/>
    <property name="java.vm.compressedOopsMode" value="Zero based"/>
    <property name="line.separator" value="&#10;"/>
    <property name="java.specification.name" value="Java Platform API Specification"/>
    <property name="java.vm.specification.vendor" value="Oracle Corporation"/>
    <property name="java.awt.graphicsenv" value="sun.awt.CGraphicsEnvironment"/>
    <property name="surefire.real.class.path" value="/Users/eivydas/Downloads/Code/cs342/Baccarat_Project_Fall19/target/surefire/surefirebooter2045080957504330742.jar"/>
    <property name="sun.management.compiler" value="HotSpot 64-Bit Tiered Compilers"/>
    <property name="ftp.nonProxyHosts" value="local|*.local|169.254/16|*.169.254/16"/>
    <property name="java.runtime.version" value="12.0.2+10"/>
    <property name="user.name" value="eivydas"/>
    <property name="path.separator" value=":"/>
    <property name="os.version" value="10.14.6"/>
    <property name="java.runtime.name" value="Java(TM) SE Runtime Environment"/>
    <property name="file.encoding" value="UTF-8"/>
    <property name="java.vm.name" value="Java HotSpot(TM) 64-Bit Server VM"/>
    <property name="localRepository" value="/Users/eivydas/.m2/repository"/>
    <property name="java.vendor.url.bug" value="https://bugreport.java.com/bugreport/"/>
    <property name="java.io.tmpdir" value="/var/folders/_6/pqc50qb56n35hnydlmn84jbr0000gn/T/"/>
    <property name="java.version" value="12.0.2"/>
    <property name="user.dir" value="/Users/eivydas/Downloads/Code/cs342/Baccarat_Project_Fall19"/>
    <property name="os.arch" value="x86_64"/>
    <property name="java.vm.specification.name" value="Java Virtual Machine Specification"/>
    <property name="java.library.path" value="/Users/eivydas/Library/Java/Extensions:/Library/Java/Extensions:/Network/Library/Java/Extensions:/System/Library/Java/Extensions:/usr/lib/java:."/>
    <property name="java.vm.info" value="mixed mode, sharing"/>
    <property name="java.vendor" value="Oracle Corporation"/>
    <property name="java.vm.version" value="12.0.2+10"/>
    <property name="sun.io.unicode.encoding" value="UnicodeBig"/>
    <property name="socksNonProxyHosts" value="local|*.local|169.254/16|*.169.254/16"/>
    <property name="java.class.version" value="56.0"/>
  </properties>
  <testcase name="testCardConstructor" classname="DealerTest" time="0.016"/>
  <testcase name="testEvaluateBankerDraw1" classname="DealerTest" time="0.002"/>
  <testcase name="testEvaluateBankerDraw2" classname="DealerTest" time="0.001"/>
  <testcase name="testBaccaratDealerConstructor" classname="DealerTest" time="0.002"/>
  <testcase name="testDealHand1" classname="DealerTest" time="0"/>
  <testcase name="testDealHand2" classname="DealerTest" time="0.001"/>
  <testcase name="testGenerateDeck1" classname="DealerTest" time="0"/>
  <testcase name="testGenerateDeck2" classname="DealerTest" time="0"/>
  <testcase name="testEvaluateWinnings1" classname="DealerTest" time="0.021"/>
  <testcase name="testEvaluateWinnings2" classname="DealerTest" time="0.004"/>
  <testcase name="testDrawOne1" classname="DealerTest" time="0"/>
  <testcase name="testDrawOne2" classname="DealerTest" time="0"/>
  <testcase name="testHandTotal1" classname="DealerTest" time="0"/>
  <testcase name="testHandTotal2" classname="DealerTest" time="0.001"/>
  <testcase name="testBaccaratGameConstructor" classname="DealerTest" time="0.001"/>
  <testcase name="testWhoWon1" classname="DealerTest" time="0.001"/>
  <testcase name="testWhoWon2" classname="DealerTest" time="0.001"/>
  <testcase name="testDeckSize1" classname="DealerTest" time="0.001"/>
  <testcase name="testDeckSize2" classname="DealerTest" time="0.001"/>
  <testcase name="testShuffleDeck1" classname="DealerTest" time="0.001"/>
  <testcase name="testShuffleDeck2" classname="DealerTest" time="0.001"/>
  <testcase name="testEvaluatePlayerDraw1" classname="DealerTest" time="0"/>
  <testcase name="testEvaluatePlayerDraw2" classname="DealerTest" time="0"/>
</testsuite>